d:\student data\documents\visual studio 2017\projects\devsprint2\devsprint2\debug\vc141.pdb
d:\student data\documents\visual studio 2017\projects\devsprint2\devsprint2\debug\vc141.idb
d:\student data\documents\visual studio 2017\projects\devsprint2\devsprint2\debug\maindraw.obj
d:\student data\documents\visual studio 2017\projects\devsprint2\devsprint2\debug\maincompute.obj
d:\student data\documents\visual studio 2017\projects\devsprint2\devsprint2\debug\main.obj
d:\student data\documents\visual studio 2017\projects\devsprint2\devsprint2\debug\machinetemplate.obj
d:\student data\documents\visual studio 2017\projects\devsprint2\devsprint2\debug\machinelayer.obj
d:\student data\documents\visual studio 2017\projects\devsprint2\devsprint2\debug\machinebase.obj
d:\student data\documents\visual studio 2017\projects\devsprint2\devsprint2\debug\itemtemplate.obj
d:\student data\documents\visual studio 2017\projects\devsprint2\devsprint2\debug\itemlayer.obj
d:\student data\documents\visual studio 2017\projects\devsprint2\devsprint2\debug\itembase.obj
d:\student data\documents\visual studio 2017\projects\devsprint2\devsprint2\debug\iron.obj
d:\student data\documents\visual studio 2017\projects\devsprint2\devsprint2\debug\interact.obj
d:\student data\documents\visual studio 2017\projects\devsprint2\devsprint2\debug\imageatlas.obj
d:\student data\documents\visual studio 2017\projects\devsprint2\devsprint2\debug\globalstatics.obj
d:\student data\documents\visual studio 2017\projects\devsprint2\devsprint2\debug\globalconstants.obj
d:\student data\documents\visual studio 2017\projects\devsprint2\devsprint2\debug\generate.obj
d:\student data\documents\visual studio 2017\projects\devsprint2\devsprint2\debug\fileio.obj
d:\student data\documents\visual studio 2017\projects\devsprint2\devsprint2\debug\coal.obj
d:\student data\documents\visual studio 2017\projects\devsprint2\devsprint2\debug\chunk.obj
d:\student data\documents\visual studio 2017\projects\devsprint2\devsprint2\debug\characterplayer.obj
d:\student data\documents\visual studio 2017\projects\devsprint2\devsprint2\debug\charactermovement.obj
d:\student data\documents\visual studio 2017\projects\devsprint2\devsprint2\debug\world.obj
d:\student data\documents\visual studio 2017\projects\devsprint2\devsprint2\debug\typesofores.obj
d:\student data\documents\visual studio 2017\projects\devsprint2\devsprint2\debug\transporttemplate.obj
d:\student data\documents\visual studio 2017\projects\devsprint2\devsprint2\debug\transportlayer.obj
d:\student data\documents\visual studio 2017\projects\devsprint2\devsprint2\debug\transportbase.obj
d:\student data\documents\visual studio 2017\projects\devsprint2\devsprint2\debug\transport.obj
d:\student data\documents\visual studio 2017\projects\devsprint2\devsprint2\debug\tile.obj
d:\student data\documents\visual studio 2017\projects\devsprint2\devsprint2\debug\statemanager.obj
d:\student data\documents\visual studio 2017\projects\devsprint2\devsprint2\debug\pause.obj
d:\student data\documents\visual studio 2017\projects\devsprint2\devsprint2\debug\orelayer.obj
d:\student data\documents\visual studio 2017\projects\devsprint2\devsprint2\debug\orebase.obj
d:\student data\documents\visual studio 2017\projects\devsprint2\devsprint2\debug\ore.obj
d:\student data\documents\visual studio 2017\projects\devsprint2\devsprint2\debug\objectmanager.obj
d:\student data\documents\visual studio 2017\projects\devsprint2\devsprint2\debug\newgen.obj
d:\student data\documents\visual studio 2017\projects\devsprint2\debug\devsprint2.exe
d:\student data\documents\visual studio 2017\projects\devsprint2\debug\devsprint2.ilk
d:\student data\documents\visual studio 2017\projects\devsprint2\debug\devsprint2.pdb
d:\student data\documents\visual studio 2017\projects\devsprint2\devsprint2\debug\devsprint2.tlog\cl.command.1.tlog
d:\student data\documents\visual studio 2017\projects\devsprint2\devsprint2\debug\devsprint2.tlog\cl.read.1.tlog
d:\student data\documents\visual studio 2017\projects\devsprint2\devsprint2\debug\devsprint2.tlog\cl.write.1.tlog
d:\student data\documents\visual studio 2017\projects\devsprint2\devsprint2\debug\devsprint2.tlog\link.command.1.tlog
d:\student data\documents\visual studio 2017\projects\devsprint2\devsprint2\debug\devsprint2.tlog\link.read.1.tlog
d:\student data\documents\visual studio 2017\projects\devsprint2\devsprint2\debug\devsprint2.tlog\link.write.1.tlog
